{"timestamp":"00:00:05.127","source":"Server","level":"LOG","message":""}
{"timestamp":"00:00:56.347","source":"Browser","level":"INFO","message":"%cDownload the React DevTools for a better development experience: https://react.dev/link/react-devtools font-weight:bold"}
{"timestamp":"00:00:56.396","source":"Browser","level":"WARN","message":"Image with src \"/logo.jpeg\" has either width or height modified, but not the other. If you use CSS to change the size of your image, also include the styles 'width: \"auto\"' or 'height: \"auto\"' to maintain the aspect ratio."}
{"timestamp":"00:00:56.412","source":"Server","level":"WARN","message":"[browser] \"\\u001b[33mImage with src \\\"/logo.jpeg\\\" has either width or height modified, but not the other. If you use CSS to change the size of your image, also include the styles 'width: \\\"auto\\\"' or 'height: \\\"auto\\\"' to maintain the aspect ratio.\\u001b[39m\" \"\\u001b[2m(file://C:/Users/Abdulrahman/Desktop/mohmed ragab/m-ragab-barber/.next/dev/static/chunks/node_modules_next_dist_115brz8._.js:2431:13)\\u001b[22m\""}
{"timestamp":"00:00:56.412","source":"Browser","level":"WARN","message":"\u001b[33mImage with src \"/logo.jpeg\" has either width or height modified, but not the other. If you use CSS to change the size of your image, also include the styles 'width: \"auto\"' or 'height: \"auto\"' to maintain the aspect ratio.\u001b[39m"}
{"timestamp":"00:01:01.654","source":"Browser","level":"LOG","message":"📸 Loaded 0 gallery items from localStorage"}
{"timestamp":"00:01:01.654","source":"Browser","level":"LOG","message":"📸 Loaded 0 gallery items from localStorage"}
{"timestamp":"00:01:21.290","source":"Browser","level":"LOG","message":"📸 Loaded 0 gallery items from localStorage"}
{"timestamp":"00:01:23.303","source":"Browser","level":"LOG","message":"📸 Loaded 0 gallery items from localStorage"}
{"timestamp":"00:01:25.293","source":"Browser","level":"LOG","message":"📸 Loaded 0 gallery items from localStorage"}
{"timestamp":"00:01:27.294","source":"Browser","level":"LOG","message":"📸 Loaded 0 gallery items from localStorage"}
{"timestamp":"00:01:29.300","source":"Browser","level":"LOG","message":"📸 Loaded 0 gallery items from localStorage"}
{"timestamp":"00:01:31.303","source":"Browser","level":"LOG","message":"📸 Loaded 0 gallery items from localStorage"}
{"timestamp":"00:01:32.531","source":"Browser","level":"LOG","message":"🚀 Converting image to base64..."}
{"timestamp":"00:01:32.587","source":"Browser","level":"LOG","message":"✓ Converted file to base64: IMG-20250817-WA0153.jpg (1712.18 KB)"}
{"timestamp":"00:01:32.587","source":"Browser","level":"LOG","message":"✓ Image converted, saving to localStorage..."}
{"timestamp":"00:01:32.587","source":"Browser","level":"LOG","message":"📸 Loaded 0 gallery items from localStorage"}
{"timestamp":"00:01:32.587","source":"Browser","level":"LOG","message":"✓ Added gallery item: img_1775339802897_e96qh2qbc باتبل"}
{"timestamp":"00:01:32.587","source":"Browser","level":"LOG","message":"✓ Total gallery items: 1"}
{"timestamp":"00:01:32.587","source":"Browser","level":"LOG","message":"📸 Loaded 1 gallery items from localStorage"}
{"timestamp":"00:01:32.587","source":"Browser","level":"LOG","message":"✓ Saved to localStorage: img_1775339802897_e96qh2qbc"}
{"timestamp":"00:01:32.587","source":"Browser","level":"LOG","message":"📸 Loaded 1 gallery items from localStorage"}
{"timestamp":"00:01:33.304","source":"Browser","level":"LOG","message":"📸 Loaded 1 gallery items from localStorage"}
{"timestamp":"00:01:35.306","source":"Browser","level":"LOG","message":"📸 Loaded 1 gallery items from localStorage"}
{"timestamp":"00:01:35.872","source":"Browser","level":"INFO","message":"%cDownload the React DevTools for a better development experience: https://react.dev/link/react-devtools font-weight:bold"}
{"timestamp":"00:01:35.994","source":"Server","level":"WARN","message":"[browser] \"\\u001b[33mImage with src \\\"/logo.jpeg\\\" has either width or height modified, but not the other. If you use CSS to change the size of your image, also include the styles 'width: \\\"auto\\\"' or 'height: \\\"auto\\\"' to maintain the aspect ratio.\\u001b[39m\" \"\\u001b[2m(file://C:/Users/Abdulrahman/Desktop/mohmed ragab/m-ragab-barber/.next/dev/static/chunks/node_modules_next_dist_115brz8._.js:2431:13)\\u001b[22m\""}
{"timestamp":"00:01:35.995","source":"Browser","level":"WARN","message":"\u001b[33mImage with src \"/logo.jpeg\" has either width or height modified, but not the other. If you use CSS to change the size of your image, also include the styles 'width: \"auto\"' or 'height: \"auto\"' to maintain the aspect ratio.\u001b[39m"}
{"timestamp":"00:01:35.995","source":"Browser","level":"WARN","message":"Image with src \"/logo.jpeg\" has either width or height modified, but not the other. If you use CSS to change the size of your image, also include the styles 'width: \"auto\"' or 'height: \"auto\"' to maintain the aspect ratio."}
{"timestamp":"00:01:35.995","source":"Browser","level":"LOG","message":"📸 Loaded 1 gallery items from localStorage"}
{"timestamp":"00:01:38.024","source":"Browser","level":"LOG","message":"📸 Loaded 1 gallery items from localStorage"}
{"timestamp":"00:01:38.267","source":"Browser","level":"LOG","message":"📸 Loaded 1 gallery items from localStorage"}
{"timestamp":"00:01:38.267","source":"Browser","level":"LOG","message":"📸 Loaded 1 items from LOCAL storage"}
{"timestamp":"00:01:38.267","source":"Browser","level":"LOG","message":"📸 Loaded 1 gallery items from localStorage"}
{"timestamp":"00:01:38.267","source":"Browser","level":"LOG","message":"📸 Loaded 1 items from LOCAL storage"}
{"timestamp":"00:01:41.295","source":"Browser","level":"LOG","message":"📸 Loaded 1 gallery items from localStorage"}
{"timestamp":"00:01:43.172","source":"Browser","level":"LOG","message":"📸 Loaded 1 gallery items from localStorage"}
{"timestamp":"00:01:43.172","source":"Browser","level":"LOG","message":"🗑️ Deleted gallery item: img_1775339802897_e96qh2qbc"}
{"timestamp":"00:01:43.172","source":"Browser","level":"LOG","message":"📸 Loaded 0 gallery items from localStorage"}
{"timestamp":"00:01:43.172","source":"Browser","level":"LOG","message":"📸 Loaded 0 gallery items from localStorage"}
{"timestamp":"00:01:43.302","source":"Browser","level":"LOG","message":"📸 Loaded 0 gallery items from localStorage"}
